SCALE: 1.000000
CAPTURE NORMALS: 0
CAPTURE TEX COORDS: 0
FLIP POLY STRIPS: 1
LOG FUNCTIONS: 0
OBJFileName: AC4Analysis
FilePerFrame: 1
TRIANGLES: 1
TRIANGLE_STRIP: 1
TRIANGLE_FAN: 1
QUADS: 1
QUAD_STRIP: 1
POLYGON: 1
SCALE: 1.000000
CAPTURE NORMALS: 0
CAPTURE TEX COORDS: 0
FLIP POLY STRIPS: 1
LOG FUNCTIONS: 0
OBJFileName: AC4Analysis
FilePerFrame: 1
TRIANGLES: 1
TRIANGLE_STRIP: 1
TRIANGLE_FAN: 1
QUADS: 1
QUAD_STRIP: 1
POLYGON: 1
Starting to record, to filename AC4Analysis
Done recording
Starting to record, to filename AC4Analysis
Done recording
