c:\users\arthur\desktop\acecombat\acanalysis\glfw\release\win32_window.obj
c:\users\arthur\desktop\acecombat\acanalysis\glfw\release\win32_time.obj
c:\users\arthur\desktop\acecombat\acanalysis\glfw\release\win32_thread.obj
c:\users\arthur\desktop\acecombat\acanalysis\glfw\release\win32_joystick.obj
c:\users\arthur\desktop\acecombat\acanalysis\glfw\release\win32_init.obj
c:\users\arthur\desktop\acecombat\acanalysis\glfw\release\win32_glext.obj
c:\users\arthur\desktop\acecombat\acanalysis\glfw\release\win32_fullscreen.obj
c:\users\arthur\desktop\acecombat\acanalysis\glfw\release\win32_enable.obj
c:\users\arthur\desktop\acecombat\acanalysis\glfw\release\win32_dllmain.obj
c:\users\arthur\desktop\acecombat\acanalysis\glfw\release\time.obj
c:\users\arthur\desktop\acecombat\acanalysis\glfw\release\thread.obj
c:\users\arthur\desktop\acecombat\acanalysis\glfw\release\tga.obj
c:\users\arthur\desktop\acecombat\acanalysis\glfw\release\stream.obj
c:\users\arthur\desktop\acecombat\acanalysis\glfw\release\joystick.obj
c:\users\arthur\desktop\acecombat\acanalysis\glfw\release\input.obj
c:\users\arthur\desktop\acecombat\acanalysis\glfw\release\init.obj
c:\users\arthur\desktop\acecombat\acanalysis\glfw\release\image.obj
c:\users\arthur\desktop\acecombat\acanalysis\glfw\release\glext.obj
c:\users\arthur\desktop\acecombat\acanalysis\glfw\release\fullscreen.obj
c:\users\arthur\desktop\acecombat\acanalysis\glfw\release\enable.obj
c:\users\arthur\desktop\acecombat\acanalysis\glfw\release\window.obj
c:\users\arthur\desktop\acecombat\acanalysis\lib\glfw.lib
c:\users\arthur\desktop\acecombat\acanalysis\glfw\..\lib\glfw.lib
c:\users\arthur\desktop\acecombat\acanalysis\glfw\release\glfw.tlog\cl.command.1.tlog
c:\users\arthur\desktop\acecombat\acanalysis\glfw\release\glfw.tlog\cl.read.1.tlog
c:\users\arthur\desktop\acecombat\acanalysis\glfw\release\glfw.tlog\cl.write.1.tlog
c:\users\arthur\desktop\acecombat\acanalysis\glfw\release\glfw.tlog\lib-link.read.1.tlog
c:\users\arthur\desktop\acecombat\acanalysis\glfw\release\glfw.tlog\lib-link.write.1.tlog
c:\users\arthur\desktop\acecombat\acanalysis\glfw\release\glfw.tlog\lib.command.1.tlog
