c:\users\arthur\desktop\acecombat\acanalysis\glfw\debug\vc120.pdb
c:\users\arthur\desktop\acecombat\acanalysis\glfw\debug\vc120.idb
c:\users\arthur\desktop\acecombat\acanalysis\glfw\debug\fullscreen.obj
c:\users\arthur\desktop\acecombat\acanalysis\glfw\debug\glext.obj
c:\users\arthur\desktop\acecombat\acanalysis\glfw\debug\image.obj
c:\users\arthur\desktop\acecombat\acanalysis\glfw\debug\init.obj
c:\users\arthur\desktop\acecombat\acanalysis\glfw\debug\input.obj
c:\users\arthur\desktop\acecombat\acanalysis\glfw\debug\joystick.obj
c:\users\arthur\desktop\acecombat\acanalysis\glfw\debug\stream.obj
c:\users\arthur\desktop\acecombat\acanalysis\glfw\debug\tga.obj
c:\users\arthur\desktop\acecombat\acanalysis\glfw\debug\thread.obj
c:\users\arthur\desktop\acecombat\acanalysis\glfw\debug\time.obj
c:\users\arthur\desktop\acecombat\acanalysis\glfw\debug\win32_dllmain.obj
c:\users\arthur\desktop\acecombat\acanalysis\glfw\debug\win32_enable.obj
c:\users\arthur\desktop\acecombat\acanalysis\glfw\debug\win32_fullscreen.obj
c:\users\arthur\desktop\acecombat\acanalysis\glfw\debug\win32_glext.obj
c:\users\arthur\desktop\acecombat\acanalysis\glfw\debug\win32_init.obj
c:\users\arthur\desktop\acecombat\acanalysis\glfw\debug\win32_joystick.obj
c:\users\arthur\desktop\acecombat\acanalysis\glfw\debug\win32_thread.obj
c:\users\arthur\desktop\acecombat\acanalysis\glfw\debug\win32_time.obj
c:\users\arthur\desktop\acecombat\acanalysis\glfw\debug\win32_window.obj
c:\users\arthur\desktop\acecombat\acanalysis\glfw\debug\window.obj
c:\users\arthur\desktop\acecombat\acanalysis\glfw\debug\enable.obj
c:\users\arthur\desktop\acecombat\acanalysis\lib\glfwd.lib
c:\users\arthur\desktop\acecombat\acanalysis\glfw\..\lib\glfwd.lib
c:\users\arthur\desktop\acecombat\acanalysis\glfw\debug\glfw.tlog\cl.command.1.tlog
c:\users\arthur\desktop\acecombat\acanalysis\glfw\debug\glfw.tlog\cl.read.1.tlog
c:\users\arthur\desktop\acecombat\acanalysis\glfw\debug\glfw.tlog\cl.write.1.tlog
c:\users\arthur\desktop\acecombat\acanalysis\glfw\debug\glfw.tlog\lib-link.read.1.tlog
c:\users\arthur\desktop\acecombat\acanalysis\glfw\debug\glfw.tlog\lib-link.write.1.tlog
c:\users\arthur\desktop\acecombat\acanalysis\glfw\debug\glfw.tlog\lib.command.1.tlog
