c:\users\arthur\desktop\acecombat\acanalysis\bin\ac4_3dwin.lib
c:\users\arthur\desktop\acecombat\acanalysis\bin\ac4_3dwin.exp
c:\users\arthur\desktop\acecombat\acanalysis\ac4_3dwin2\debug\vc120.pdb
c:\users\arthur\desktop\acecombat\acanalysis\ac4_3dwin2\debug\vc120.idb
c:\users\arthur\desktop\acecombat\acanalysis\ac4_3dwin2\debug\ac4map.obj
c:\users\arthur\desktop\acecombat\acanalysis\ac4_3dwin2\debug\ac4_3dwin2.obj
c:\users\arthur\desktop\acecombat\acanalysis\ac4_3dwin2\debug\nodemath.obj
c:\users\arthur\desktop\acecombat\acanalysis\ac4_3dwin2\debug\set.obj
c:\users\arthur\desktop\acecombat\acanalysis\ac4_3dwin2\debug\talist.obj
c:\users\arthur\desktop\acecombat\acanalysis\bin\ac4_3dwin.ilk
c:\users\arthur\desktop\acecombat\acanalysis\bin\ac4_3dwin.dll
c:\users\arthur\desktop\acecombat\acanalysis\bin\ac4_3dwin.pdb
c:\users\arthur\desktop\acecombat\acanalysis\ac4_3dwin2\..\bin\ac4_3dwin.dll
c:\users\arthur\desktop\acecombat\acanalysis\ac4_3dwin2\debug\ac4_3dwin2.tlog\ac4_3dwin2.write.1u.tlog
c:\users\arthur\desktop\acecombat\acanalysis\ac4_3dwin2\debug\ac4_3dwin2.tlog\cl.command.1.tlog
c:\users\arthur\desktop\acecombat\acanalysis\ac4_3dwin2\debug\ac4_3dwin2.tlog\cl.read.1.tlog
c:\users\arthur\desktop\acecombat\acanalysis\ac4_3dwin2\debug\ac4_3dwin2.tlog\cl.write.1.tlog
c:\users\arthur\desktop\acecombat\acanalysis\ac4_3dwin2\debug\ac4_3dwin2.tlog\link.command.1.tlog
c:\users\arthur\desktop\acecombat\acanalysis\ac4_3dwin2\debug\ac4_3dwin2.tlog\link.read.1.tlog
c:\users\arthur\desktop\acecombat\acanalysis\ac4_3dwin2\debug\ac4_3dwin2.tlog\link.write.1.tlog
